2015-01-07 17:41:25,626 - [INFO] - from play in pool-4-thread-3 
Listening for HTTP on /0:0:0:0:0:0:0:0:9000

2015-01-07 17:41:38,057 - [INFO] - from play in play-internal-execution-context-1 
datasource [jdbc:h2:mem:play] bound to JNDI as DefaultDS

2015-01-07 17:41:38,241 - [INFO] - from play in play-internal-execution-context-1 
database [default] connected at jdbc:h2:mem:play

2015-01-07 17:41:39,514 - [ERROR] - from application in New I/O worker #1 


! @6kmmfi06f - Internal server error, for (GET) [/] ->

play.api.db.evolutions.InvalidDatabaseRevision: Database 'default' needs evolution![An SQL script need to be run on your database.]
	at play.api.db.evolutions.EvolutionsPlugin$$anonfun$onStart$1$$anonfun$apply$1.apply$mcV$sp(Evolutions.scala:510) ~[play-jdbc_2.11-2.3.7.jar:2.3.7]
	at play.api.db.evolutions.EvolutionsPlugin.withLock(Evolutions.scala:531) ~[play-jdbc_2.11-2.3.7.jar:2.3.7]
	at play.api.db.evolutions.EvolutionsPlugin$$anonfun$onStart$1.apply(Evolutions.scala:485) ~[play-jdbc_2.11-2.3.7.jar:2.3.7]
	at play.api.db.evolutions.EvolutionsPlugin$$anonfun$onStart$1.apply(Evolutions.scala:483) ~[play-jdbc_2.11-2.3.7.jar:2.3.7]
	at scala.collection.immutable.List.foreach(List.scala:383) ~[scala-library-2.11.1.jar:na]
	at play.api.db.evolutions.EvolutionsPlugin.onStart(Evolutions.scala:483) ~[play-jdbc_2.11-2.3.7.jar:2.3.7]
	at play.api.Play$$anonfun$start$1$$anonfun$apply$mcV$sp$1.apply(Play.scala:91) ~[play_2.11-2.3.7.jar:2.3.7]
	at play.api.Play$$anonfun$start$1$$anonfun$apply$mcV$sp$1.apply(Play.scala:91) ~[play_2.11-2.3.7.jar:2.3.7]
	at scala.collection.immutable.List.foreach(List.scala:383) ~[scala-library-2.11.1.jar:na]
	at play.api.Play$$anonfun$start$1.apply$mcV$sp(Play.scala:91) ~[play_2.11-2.3.7.jar:2.3.7]
	at play.api.Play$$anonfun$start$1.apply(Play.scala:91) ~[play_2.11-2.3.7.jar:2.3.7]
	at play.api.Play$$anonfun$start$1.apply(Play.scala:91) ~[play_2.11-2.3.7.jar:2.3.7]
	at play.utils.Threads$.withContextClassLoader(Threads.scala:21) ~[play_2.11-2.3.7.jar:2.3.7]
	at play.api.Play$.start(Play.scala:90) ~[play_2.11-2.3.7.jar:2.3.7]
	at play.core.ReloadableApplication$$anonfun$get$1$$anonfun$apply$1$$anonfun$1.apply(ApplicationProvider.scala:157) ~[play_2.11-2.3.7.jar:2.3.7]
	at play.core.ReloadableApplication$$anonfun$get$1$$anonfun$apply$1$$anonfun$1.apply(ApplicationProvider.scala:130) ~[play_2.11-2.3.7.jar:2.3.7]
	at scala.Option.map(Option.scala:145) ~[scala-library-2.11.1.jar:na]
	at play.core.ReloadableApplication$$anonfun$get$1$$anonfun$apply$1.apply(ApplicationProvider.scala:130) ~[play_2.11-2.3.7.jar:2.3.7]
	at play.core.ReloadableApplication$$anonfun$get$1$$anonfun$apply$1.apply(ApplicationProvider.scala:128) ~[play_2.11-2.3.7.jar:2.3.7]
	at scala.util.Success.flatMap(Try.scala:230) ~[scala-library-2.11.1.jar:na]
	at play.core.ReloadableApplication$$anonfun$get$1.apply(ApplicationProvider.scala:128) ~[play_2.11-2.3.7.jar:2.3.7]
	at play.core.ReloadableApplication$$anonfun$get$1.apply(ApplicationProvider.scala:120) ~[play_2.11-2.3.7.jar:2.3.7]
	at scala.concurrent.impl.Future$PromiseCompletingRunnable.liftedTree1$1(Future.scala:24) ~[scala-library-2.11.1.jar:na]
	at scala.concurrent.impl.Future$PromiseCompletingRunnable.run(Future.scala:24) ~[scala-library-2.11.1.jar:na]
	at scala.concurrent.forkjoin.ForkJoinTask$AdaptedRunnableAction.exec(ForkJoinTask.java:1361) ~[scala-library-2.11.1.jar:na]
	at scala.concurrent.forkjoin.ForkJoinTask.doExec(ForkJoinTask.java:260) ~[scala-library-2.11.1.jar:na]
	at scala.concurrent.forkjoin.ForkJoinPool$WorkQueue.runTask(ForkJoinPool.java:1339) ~[scala-library-2.11.1.jar:na]
	at scala.concurrent.forkjoin.ForkJoinPool.runWorker(ForkJoinPool.java:1979) ~[scala-library-2.11.1.jar:na]
	at scala.concurrent.forkjoin.ForkJoinWorkerThread.run(ForkJoinWorkerThread.java:107) ~[scala-library-2.11.1.jar:na]

2015-01-07 17:41:42,075 - [WARN] - from play in play-internal-execution-context-1 
Error stopping plugin
java.lang.NullPointerException: null
	at play.libs.ws.ning.NingWSPlugin.onStop(NingWSPlugin.java:31) ~[play-java-ws_2.11-2.3.7.jar:2.3.7]
	at play.api.Play$$anonfun$stop$1$$anonfun$apply$1$$anonfun$apply$mcV$sp$2.apply(Play.scala:108) [play_2.11-2.3.7.jar:2.3.7]
	at play.api.Play$$anonfun$stop$1$$anonfun$apply$1$$anonfun$apply$mcV$sp$2.apply(Play.scala:107) [play_2.11-2.3.7.jar:2.3.7]
	at scala.collection.immutable.List.foreach(List.scala:383) [scala-library-2.11.1.jar:na]
	at play.api.Play$$anonfun$stop$1$$anonfun$apply$1.apply$mcV$sp(Play.scala:107) [play_2.11-2.3.7.jar:2.3.7]
	at play.api.Play$$anonfun$stop$1$$anonfun$apply$1.apply(Play.scala:107) [play_2.11-2.3.7.jar:2.3.7]
	at play.api.Play$$anonfun$stop$1$$anonfun$apply$1.apply(Play.scala:107) [play_2.11-2.3.7.jar:2.3.7]
	at play.utils.Threads$.withContextClassLoader(Threads.scala:21) [play_2.11-2.3.7.jar:2.3.7]
	at play.api.Play$$anonfun$stop$1.apply(Play.scala:106) [play_2.11-2.3.7.jar:2.3.7]
	at play.api.Play$$anonfun$stop$1.apply(Play.scala:105) [play_2.11-2.3.7.jar:2.3.7]
	at scala.Option.map(Option.scala:145) [scala-library-2.11.1.jar:na]
	at play.api.Play$.stop(Play.scala:105) [play_2.11-2.3.7.jar:2.3.7]
	at play.core.ReloadableApplication$$anonfun$get$1$$anonfun$apply$1$$anonfun$1.apply(ApplicationProvider.scala:142) [play_2.11-2.3.7.jar:2.3.7]
	at play.core.ReloadableApplication$$anonfun$get$1$$anonfun$apply$1$$anonfun$1.apply(ApplicationProvider.scala:130) [play_2.11-2.3.7.jar:2.3.7]
	at scala.Option.map(Option.scala:145) [scala-library-2.11.1.jar:na]
	at play.core.ReloadableApplication$$anonfun$get$1$$anonfun$apply$1.apply(ApplicationProvider.scala:130) [play_2.11-2.3.7.jar:2.3.7]
	at play.core.ReloadableApplication$$anonfun$get$1$$anonfun$apply$1.apply(ApplicationProvider.scala:128) [play_2.11-2.3.7.jar:2.3.7]
	at scala.util.Success.flatMap(Try.scala:230) [scala-library-2.11.1.jar:na]
	at play.core.ReloadableApplication$$anonfun$get$1.apply(ApplicationProvider.scala:128) [play_2.11-2.3.7.jar:2.3.7]
	at play.core.ReloadableApplication$$anonfun$get$1.apply(ApplicationProvider.scala:120) [play_2.11-2.3.7.jar:2.3.7]
	at scala.concurrent.impl.Future$PromiseCompletingRunnable.liftedTree1$1(Future.scala:24) [scala-library-2.11.1.jar:na]
	at scala.concurrent.impl.Future$PromiseCompletingRunnable.run(Future.scala:24) [scala-library-2.11.1.jar:na]
	at scala.concurrent.forkjoin.ForkJoinTask$AdaptedRunnableAction.exec(ForkJoinTask.java:1361) [scala-library-2.11.1.jar:na]
	at scala.concurrent.forkjoin.ForkJoinTask.doExec(ForkJoinTask.java:260) [scala-library-2.11.1.jar:na]
	at scala.concurrent.forkjoin.ForkJoinPool$WorkQueue.runTask(ForkJoinPool.java:1339) [scala-library-2.11.1.jar:na]
	at scala.concurrent.forkjoin.ForkJoinPool.runWorker(ForkJoinPool.java:1979) [scala-library-2.11.1.jar:na]
	at scala.concurrent.forkjoin.ForkJoinWorkerThread.run(ForkJoinWorkerThread.java:107) [scala-library-2.11.1.jar:na]

2015-01-07 17:41:42,257 - [INFO] - from play in play-internal-execution-context-1 
datasource [jdbc:h2:mem:play] bound to JNDI as DefaultDS

2015-01-07 17:41:42,260 - [INFO] - from play in play-internal-execution-context-1 
database [default] connected at jdbc:h2:mem:play

2015-01-07 17:41:42,370 - [INFO] - from play in play-internal-execution-context-1 
Application started (Dev)

2015-01-07 17:43:05,124 - [INFO] - from play in play-internal-execution-context-1 
datasource [jdbc:h2:mem:play] bound to JNDI as DefaultDS

2015-01-07 17:43:05,127 - [INFO] - from play in play-internal-execution-context-1 
database [default] connected at jdbc:h2:mem:play

2015-01-07 17:43:05,207 - [INFO] - from play in play-internal-execution-context-1 
Application started (Dev)

2015-01-07 17:44:23,886 - [INFO] - from play in play-internal-execution-context-1 
datasource [jdbc:h2:mem:play] bound to JNDI as DefaultDS

2015-01-07 17:44:23,888 - [INFO] - from play in play-internal-execution-context-1 
database [default] connected at jdbc:h2:mem:play

2015-01-07 17:44:23,962 - [INFO] - from play in play-internal-execution-context-1 
Application started (Dev)

2015-01-07 17:58:33,195 - [INFO] - from play in play-internal-execution-context-1 
datasource [jdbc:h2:mem:play] bound to JNDI as DefaultDS

2015-01-07 17:58:33,197 - [INFO] - from play in play-internal-execution-context-1 
database [default] connected at jdbc:h2:mem:play

2015-01-07 17:58:33,270 - [INFO] - from play in play-internal-execution-context-1 
Application started (Dev)

2015-01-08 10:31:28,225 - [INFO] - from play in play-internal-execution-context-1 
datasource [jdbc:h2:mem:play] bound to JNDI as DefaultDS

2015-01-08 10:31:28,239 - [INFO] - from play in play-internal-execution-context-1 
database [default] connected at jdbc:h2:mem:play

2015-01-08 10:31:28,408 - [INFO] - from play in play-internal-execution-context-1 
Application started (Dev)

2015-01-08 10:34:14,666 - [INFO] - from play in play-internal-execution-context-1 
datasource [jdbc:h2:mem:play] bound to JNDI as DefaultDS

2015-01-08 10:34:14,668 - [INFO] - from play in play-internal-execution-context-1 
database [default] connected at jdbc:h2:mem:play

2015-01-08 10:34:14,736 - [INFO] - from play in play-internal-execution-context-1 
Application started (Dev)

2015-01-08 10:45:16,213 - [INFO] - from play in play-internal-execution-context-1 
datasource [jdbc:h2:mem:play] bound to JNDI as DefaultDS

2015-01-08 10:45:16,216 - [INFO] - from play in play-internal-execution-context-1 
database [default] connected at jdbc:h2:mem:play

2015-01-08 10:45:16,298 - [INFO] - from play in play-internal-execution-context-1 
Application started (Dev)

2015-01-08 10:57:42,029 - [INFO] - from play in play-internal-execution-context-1 
datasource [jdbc:h2:mem:play] bound to JNDI as DefaultDS

2015-01-08 10:57:42,031 - [INFO] - from play in play-internal-execution-context-1 
database [default] connected at jdbc:h2:mem:play

2015-01-08 10:57:42,102 - [INFO] - from play in play-internal-execution-context-1 
Application started (Dev)

2015-01-08 16:35:31,923 - [INFO] - from play in pool-1-thread-1 
datasource [jdbc:h2:mem:play-test--39140026;] bound to JNDI as DefaultDS

2015-01-08 16:39:18,554 - [INFO] - from play in pool-1-thread-1 
datasource [jdbc:h2:mem:play-test-409017951;] bound to JNDI as DefaultDS

2015-01-08 16:41:33,375 - [INFO] - from play in pool-1-thread-1 
datasource [jdbc:h2:mem:play] bound to JNDI as DefaultDS

2015-01-08 16:43:01,597 - [INFO] - from play in pool-1-thread-1 
datasource [jdbc:h2:mem:play] bound to JNDI as DefaultDS

